  Proiect.cpp
C:\Users\andre\source\repos\ProiectPOO\database.h(631,1): warning C4267: '=': conversion from 'size_t' to 'int', possible loss of data
C:\Users\andre\source\repos\ProiectPOO\database.h(894,1): warning C4267: '=': conversion from 'size_t' to 'int', possible loss of data
C:\Users\andre\source\repos\ProiectPOO\database.h(897,1): warning C4267: '=': conversion from 'size_t' to 'int', possible loss of data
C:\Users\andre\source\repos\ProiectPOO\database.h(900,1): warning C4267: '=': conversion from 'size_t' to 'int', possible loss of data
C:\Users\andre\source\repos\ProiectPOO\database.h(903,1): warning C4267: '=': conversion from 'size_t' to 'int', possible loss of data
C:\Users\andre\source\repos\ProiectPOO\database.h(984,1): warning C4267: '=': conversion from 'size_t' to 'int', possible loss of data
C:\Users\andre\source\repos\ProiectPOO\database.h(991,1): warning C4267: '=': conversion from 'size_t' to 'int', possible loss of data
C:\Users\andre\source\repos\ProiectPOO\database.h(1030,1): warning C4267: '=': conversion from 'size_t' to 'int', possible loss of data
C:\Users\andre\source\repos\ProiectPOO\database.h(1048,1): warning C4267: '=': conversion from 'size_t' to 'int', possible loss of data
C:\Users\andre\source\repos\ProiectPOO\database.h(1071,1): warning C4267: '=': conversion from 'size_t' to 'int', possible loss of data
C:\Users\andre\source\repos\ProiectPOO\database.h(1077,1): warning C4267: '=': conversion from 'size_t' to 'int', possible loss of data
C:\Users\andre\source\repos\ProiectPOO\database.h(1137,1): warning C4267: '=': conversion from 'size_t' to 'int', possible loss of data
C:\Users\andre\source\repos\ProiectPOO\database.h(1142,1): warning C4267: '=': conversion from 'size_t' to 'int', possible loss of data
C:\Users\andre\source\repos\ProiectPOO\database.h(1192,1): warning C4267: '=': conversion from 'size_t' to 'int', possible loss of data
C:\Users\andre\source\repos\ProiectPOO\database.h(1251,1): warning C4267: '=': conversion from 'size_t' to 'int', possible loss of data
C:\Users\andre\source\repos\ProiectPOO\database.h(1297,1): warning C4267: '=': conversion from 'size_t' to 'int', possible loss of data
C:\Users\andre\source\repos\ProiectPOO\database.h(1346,1): warning C4267: '=': conversion from 'size_t' to 'int', possible loss of data
C:\Users\andre\source\repos\ProiectPOO\database.h(1422,1): warning C4267: '=': conversion from 'size_t' to 'int', possible loss of data
C:\Users\andre\source\repos\ProiectPOO\database.h(1817,1): warning C4267: '=': conversion from 'size_t' to 'int', possible loss of data
C:\Users\andre\source\repos\ProiectPOO\database.h(1845,1): warning C4267: '=': conversion from 'size_t' to 'int', possible loss of data
C:\Users\andre\source\repos\ProiectPOO\database.h(1875,1): warning C4267: '=': conversion from 'size_t' to 'int', possible loss of data
C:\Users\andre\source\repos\ProiectPOO\database.h(1905,1): warning C4267: '=': conversion from 'size_t' to 'int', possible loss of data
C:\Users\andre\source\repos\ProiectPOO\database.h(2112,1): warning C4267: '=': conversion from 'size_t' to 'int', possible loss of data
C:\Users\andre\source\repos\ProiectPOO\database.h(2141,1): warning C4267: '=': conversion from 'size_t' to 'int', possible loss of data
C:\Users\andre\source\repos\ProiectPOO\database.h(2158,1): warning C4267: '=': conversion from 'size_t' to 'int', possible loss of data
C:\Users\andre\source\repos\ProiectPOO\database.h(2168,7): warning C4101: 'poz': unreferenced local variable
C:\Users\andre\source\repos\ProiectPOO\database.h(2238,1): warning C4267: '=': conversion from 'size_t' to 'int', possible loss of data
C:\Users\andre\source\repos\ProiectPOO\database.h(2264,1): warning C4267: '=': conversion from 'size_t' to 'int', possible loss of data
C:\Users\andre\source\repos\ProiectPOO\database.h(2280,1): warning C4267: '=': conversion from 'size_t' to 'int', possible loss of data
C:\Users\andre\source\repos\ProiectPOO\database.h(2293,1): warning C4267: '=': conversion from 'size_t' to 'int', possible loss of data
C:\Users\andre\source\repos\ProiectPOO\database.h(2302,1): warning C4267: '=': conversion from 'size_t' to 'int', possible loss of data
C:\Users\andre\source\repos\ProiectPOO\database.h(2304,1): warning C4267: '=': conversion from 'size_t' to 'int', possible loss of data
C:\Users\andre\source\repos\ProiectPOO\database.h(2310,1): warning C4267: '=': conversion from 'size_t' to 'int', possible loss of data
C:\Users\andre\source\repos\ProiectPOO\database.h(2312,1): warning C4267: '=': conversion from 'size_t' to 'int', possible loss of data
C:\Users\andre\source\repos\ProiectPOO\database.h(2322,1): warning C4267: '=': conversion from 'size_t' to 'int', possible loss of data
C:\Users\andre\source\repos\ProiectPOO\database.h(2332,1): warning C4267: '=': conversion from 'size_t' to 'int', possible loss of data
C:\Users\andre\source\repos\ProiectPOO\database.h(2348,1): warning C4267: '=': conversion from 'size_t' to 'int', possible loss of data
C:\Users\andre\source\repos\ProiectPOO\database.h(2385,1): warning C4267: '=': conversion from 'size_t' to 'int', possible loss of data
C:\Users\andre\source\repos\ProiectPOO\database.h(2423,1): warning C4267: '=': conversion from 'size_t' to 'int', possible loss of data
C:\Users\andre\source\repos\ProiectPOO\database.h(2447,1): warning C4267: '=': conversion from 'size_t' to 'int', possible loss of data
C:\Users\andre\source\repos\ProiectPOO\database.h(2454,1): warning C4267: '=': conversion from 'size_t' to 'int', possible loss of data
C:\Users\andre\source\repos\ProiectPOO\database.h(2474,1): warning C4267: '=': conversion from 'size_t' to 'int', possible loss of data
C:\Users\andre\source\repos\ProiectPOO\database.h(2495,1): warning C4267: '=': conversion from 'size_t' to 'int', possible loss of data
C:\Users\andre\source\repos\ProiectPOO\database.h(2519,1): warning C4267: '=': conversion from 'size_t' to 'int', possible loss of data
C:\Users\andre\source\repos\ProiectPOO\database.h(2526,1): warning C4267: '=': conversion from 'size_t' to 'int', possible loss of data
C:\Users\andre\source\repos\ProiectPOO\database.h(2538,1): warning C4267: '=': conversion from 'size_t' to 'int', possible loss of data
C:\Users\andre\source\repos\ProiectPOO\database.h(2567,1): warning C4267: '=': conversion from 'size_t' to 'int', possible loss of data
C:\Users\andre\source\repos\ProiectPOO\database.h(2591,1): warning C4267: '=': conversion from 'size_t' to 'int', possible loss of data
C:\Users\andre\source\repos\ProiectPOO\database.h(2598,1): warning C4267: '=': conversion from 'size_t' to 'int', possible loss of data
C:\Users\andre\source\repos\ProiectPOO\database.h(2610,1): warning C4267: '=': conversion from 'size_t' to 'int', possible loss of data
C:\Users\andre\source\repos\ProiectPOO\database.h(2627,1): warning C4267: '=': conversion from 'size_t' to 'int', possible loss of data
C:\Users\andre\source\repos\ProiectPOO\database.h(2634,1): warning C4267: '=': conversion from 'size_t' to 'int', possible loss of data
C:\Users\andre\source\repos\ProiectPOO\database.h(2646,1): warning C4267: '=': conversion from 'size_t' to 'int', possible loss of data
C:\Users\andre\source\repos\ProiectPOO\database.h(2676,1): warning C4267: '=': conversion from 'size_t' to 'int', possible loss of data
C:\Users\andre\source\repos\ProiectPOO\database.h(2702,1): warning C4267: '=': conversion from 'size_t' to 'int', possible loss of data
C:\Users\andre\source\repos\ProiectPOO\database.h(2714,1): warning C4267: '=': conversion from 'size_t' to 'int', possible loss of data
C:\Users\andre\source\repos\ProiectPOO\database.h(2727,1): warning C4267: '=': conversion from 'size_t' to 'int', possible loss of data
C:\Users\andre\source\repos\ProiectPOO\database.h(2736,1): warning C4267: '=': conversion from 'size_t' to 'int', possible loss of data
C:\Users\andre\source\repos\ProiectPOO\database.h(2748,1): warning C4267: '=': conversion from 'size_t' to 'int', possible loss of data
C:\Users\andre\source\repos\ProiectPOO\database.h(2770,1): warning C4267: '=': conversion from 'size_t' to 'int', possible loss of data
C:\Users\andre\source\repos\ProiectPOO\database.h(2783,1): warning C4267: '=': conversion from 'size_t' to 'int', possible loss of data
C:\Users\andre\source\repos\ProiectPOO\database.h(2796,1): warning C4267: '=': conversion from 'size_t' to 'int', possible loss of data
C:\Users\andre\source\repos\ProiectPOO\database.h(2809,1): warning C4267: '=': conversion from 'size_t' to 'int', possible loss of data
C:\Users\andre\source\repos\ProiectPOO\database.h(2818,1): warning C4267: '=': conversion from 'size_t' to 'int', possible loss of data
C:\Users\andre\source\repos\ProiectPOO\database.h(2829,1): warning C4267: '=': conversion from 'size_t' to 'int', possible loss of data
C:\Users\andre\source\repos\ProiectPOO\database.h(2868,1): warning C4267: '=': conversion from 'size_t' to 'int', possible loss of data
C:\Users\andre\source\repos\ProiectPOO\database.h(2893,1): warning C4267: '=': conversion from 'size_t' to 'int', possible loss of data
C:\Users\andre\source\repos\ProiectPOO\database.h(2899,1): warning C4267: '=': conversion from 'size_t' to 'int', possible loss of data
C:\Users\andre\source\repos\ProiectPOO\database.h(2358,11): warning C4101: 'pz': unreferenced local variable
C:\Users\andre\source\repos\ProiectPOO\database.h(2396,11): warning C4101: 'pz': unreferenced local variable
C:\Users\andre\source\repos\ProiectPOO\database.h(2938,1): warning C4267: '=': conversion from 'size_t' to 'int', possible loss of data
C:\Users\andre\source\repos\ProiectPOO\database.h(2953,1): warning C4267: '=': conversion from 'size_t' to 'int', possible loss of data
C:\Users\andre\source\repos\ProiectPOO\database.h(2961,1): warning C4267: '=': conversion from 'size_t' to 'int', possible loss of data
C:\Users\andre\source\repos\ProiectPOO\database.h(2964,1): warning C4267: '=': conversion from 'size_t' to 'int', possible loss of data
C:\Users\andre\source\repos\ProiectPOO\database.h(2972,1): warning C4267: '=': conversion from 'size_t' to 'int', possible loss of data
C:\Users\andre\source\repos\ProiectPOO\database.h(2975,1): warning C4267: '=': conversion from 'size_t' to 'int', possible loss of data
C:\Users\andre\source\repos\ProiectPOO\database.h(2985,1): warning C4267: '=': conversion from 'size_t' to 'int', possible loss of data
C:\Users\andre\source\repos\ProiectPOO\database.h(2988,1): warning C4267: '=': conversion from 'size_t' to 'int', possible loss of data
C:\Users\andre\source\repos\ProiectPOO\database.h(2991,1): warning C4267: '=': conversion from 'size_t' to 'int', possible loss of data
C:\Users\andre\source\repos\ProiectPOO\database.h(3003,1): warning C4267: '=': conversion from 'size_t' to 'int', possible loss of data
C:\Users\andre\source\repos\ProiectPOO\database.h(3006,1): warning C4267: '=': conversion from 'size_t' to 'int', possible loss of data
C:\Users\andre\source\repos\ProiectPOO\database.h(3025,1): warning C4267: '=': conversion from 'size_t' to 'int', possible loss of data
  Proiect.vcxproj -> C:\Users\andre\source\repos\ProiectPOO\x64\Debug\Proiect.exe
